node name: manganese.union.edu
node 0 of 4
Sending to 1 and receiving from 3
node name: manganese.union.edu
node 1 of 4
Sending to 2 and receiving from 0
node name: manganese.union.edu
node 2 of 4
Sending to 3 and receiving from 1
node name: manganese.union.edu
node 3 of 4
Sending to 0 and receiving from 2
Node 0 received 790
Node 1 received 791
Node 2 received 792
Node 3 received 793
Node 0 received 794
Node 1 received 795
Node 2 received 796
Node 3 received 797
Node 0 received 798
Node 1 received 799
Node 2 received 800
Node 3 received 801
Node 0 received 802
Node 1 received 803
Node 2 received 804
Node 3 received 805
Node 0 received 806
Node 1 received 807
node manganese.union.edu is all finished
Node 2 received 808
node manganese.union.edu is all finished
Node 3 received 809
node manganese.union.edu is all finished
Node 0 received 810
node manganese.union.edu is all finished
